2020-11-12 04:24:14 [ThreadId 7] INFO phoityne - [REQUEST] LaunchRequest {seqLaunchRequest = 2, typeLaunchRequest = "request", commandLaunchRequest = "launch", argumentsLaunchRequest = LaunchRequestArguments {noDebugLaunchRequestArguments = Just False, nameLaunchRequestArguments = "run", typeLaunchRequestArguments = "ghc", requestLaunchRequestArguments = "launch", startupLaunchRequestArguments = "/projects/src/github.com/gattytto/example-servant-minimal/exe/Main.hs", workspaceLaunchRequestArguments = "/projects/src/github.com/gattytto/example-servant-minimal", logFileLaunchRequestArguments = "/projects/src/github.com/gattytto/example-servant-minimal/.vscode/phoityne.log", logLevelLaunchRequestArguments = "DEBUG", ghciPromptLaunchRequestArguments = "H>>= ", ghciCmdLaunchRequestArguments = "stack ghci --with-ghc=ghci-dap --no-load --no-build --main-is example-servant-minimal:exe:example-servant-minimal --ghci-options -fprint-evld-with-show", stopOnEntryLaunchRequestArguments = False, mainArgsLaunchRequestArguments = Just "", ghciEnvLaunchRequestArguments = fromList [], ghciInitialPromptLaunchRequestArguments = Just "Prelude>", startupFuncLaunchRequestArguments = Just "main", startupArgsLaunchRequestArguments = Just ""}}
2020-11-12 04:24:14 [ThreadId 7] DEBUG phoityne - tasks.json file exists. /projects/src/github.com/gattytto/example-servant-minimal/.vscode/tasks.json
2020-11-12 04:24:14 [ThreadId 7] DEBUG phoityne - ghci initial prompt [Prelude>].
2020-11-12 04:24:14 [ThreadId 7] INFO phoityne - [EVENT]{"seq":2,"type":"event","event":"output","body":{"category":"stdout","output":"CWD: /projects/src/github.com/gattytto/example-servant-minimal \n","data":null}}
2020-11-12 04:24:14 [ThreadId 7] INFO phoityne - [EVENT]{"seq":3,"type":"event","event":"output","body":{"category":"stdout","output":"CMD: stack ghci --with-ghc=ghci-dap --no-load --no-build --main-is example-servant-minimal:exe:example-servant-minimal --ghci-options -fprint-evld-with-show \n\n","data":null}}
2020-11-12 04:24:15 [ThreadId 7] INFO phoityne - [EVENT]{"seq":4,"type":"event","event":"output","body":{"category":"stdout","output":"Configuring GHCi with the following packages: example-servant-minimal\n[DAP][INFO] start ghci-dap-0.0.15.0.\nGHCi, version 8.10.2: https://www.haskell.org/ghc/  :? for help\nCOMMON symbol, size 96 name batch_point_buffer allocated at 0x40582000\nLoaded GHCi configuration from /projects/src/github.com/gattytto/example-servant-minimal/.ghci\nPrelude>","data":null}}
2020-11-12 04:24:15 [ThreadId 7] INFO phoityne - [EVENT]{"seq":5,"type":"event","event":"output","body":{"category":"stdout","output":":set prompt \"H>>= \"\n","data":null}}
2020-11-12 04:24:15 [ThreadId 7] INFO phoityne - [EVENT]{"seq":6,"type":"event","event":"output","body":{"category":"stdout","output":" H>>= ","data":null}}
2020-11-12 04:24:15 [ThreadId 7] INFO phoityne - [EVENT]{"seq":7,"type":"event","event":"output","body":{"category":"stdout","output":":set prompt-cont \"H>>= \"\n","data":null}}
2020-11-12 04:24:15 [ThreadId 7] INFO phoityne - [EVENT]{"seq":8,"type":"event","event":"output","body":{"category":"stdout","output":"H>>= ","data":null}}
2020-11-12 04:24:15 [ThreadId 7] INFO phoityne - [EVENT]{"seq":9,"type":"event","event":"output","body":{"category":"stdout","output":":load /projects/src/github.com/gattytto/example-servant-minimal/exe/Main.hs\n","data":null}}
2020-11-12 04:24:15 [ThreadId 7] INFO phoityne - [EVENT]{"seq":10,"type":"event","event":"output","body":{"category":"stdout","output":"[1 of 2] Compiling App              ( /projects/src/github.com/gattytto/example-servant-minimal/src/App.hs, interpreted )\n","data":null}}
2020-11-12 04:24:16 [ThreadId 7] INFO phoityne - [EVENT]{"seq":11,"type":"event","event":"output","body":{"category":"stdout","output":"[2 of 2] Compiling Main             ( /projects/src/github.com/gattytto/example-servant-minimal/exe/Main.hs, interpreted )\n","data":null}}
2020-11-12 04:24:16 [ThreadId 7] INFO phoityne - [EVENT]{"seq":12,"type":"event","event":"output","body":{"category":"stdout","output":"Ok, two modules loaded.\n","data":null}}
2020-11-12 04:24:16 [ThreadId 7] INFO phoityne - [EVENT]{"seq":13,"type":"event","event":"output","body":{"category":"stdout","output":"H>>= ","data":null}}
2020-11-12 04:24:16 [ThreadId 7] INFO phoityne - [EVENT]{"seq":14,"type":"event","event":"output","body":{"category":"stdout","output":":module + *App *Main\n","data":null}}
2020-11-12 04:24:16 [ThreadId 7] INFO phoityne - [EVENT]{"seq":15,"type":"event","event":"output","body":{"category":"stdout","output":"H>>= ","data":null}}
2020-11-12 04:24:16 [ThreadId 7] INFO phoityne - [RESPONSE]{"seq":16,"type":"response","request_seq":2,"success":true,"command":"launch","message":""}
2020-11-12 04:24:16 [ThreadId 7] INFO phoityne - [EVENT]{"seq":17,"type":"event","event":"initialized"}
2020-11-12 04:24:16 [ThreadId 9] DEBUG phoityne - start watch files in [/projects/src/github.com/gattytto/example-servant-minimal]
2020-11-12 04:24:16 [ThreadId 7] INFO phoityne - [REQUEST] SetExceptionBreakpointsRequest {seqSetExceptionBreakpointsRequest = 3, typeSetExceptionBreakpointsRequest = "request", commandSetExceptionBreakpointsRequest = "setExceptionBreakpoints", argumentsSetExceptionBreakpointsRequest = SetExceptionBreakpointsRequestArguments {filtersSetExceptionBreakpointsRequestArguments = []}}
2020-11-12 04:24:16 [ThreadId 7] INFO phoityne - [EVENT]{"seq":18,"type":"event","event":"output","body":{"category":"stdout","output":":set -fno-break-on-exception\n","data":null}}
2020-11-12 04:24:16 [ThreadId 7] INFO phoityne - [EVENT]{"seq":19,"type":"event","event":"output","body":{"category":"stdout","output":"H>>= ","data":null}}
2020-11-12 04:24:16 [ThreadId 7] INFO phoityne - [EVENT]{"seq":20,"type":"event","event":"output","body":{"category":"stdout","output":":set -fno-break-on-error\n","data":null}}
2020-11-12 04:24:16 [ThreadId 7] INFO phoityne - [EVENT]{"seq":21,"type":"event","event":"output","body":{"category":"stdout","output":"H>>= ","data":null}}
2020-11-12 04:24:16 [ThreadId 7] INFO phoityne - [RESPONSE]{"seq":22,"type":"response","request_seq":3,"success":true,"command":"setExceptionBreakpoints","message":""}
2020-11-12 04:24:16 [ThreadId 7] INFO phoityne - [REQUEST] SetBreakpointsRequest {seqSetBreakpointsRequest = 4, typeSetBreakpointsRequest = "request", commandSetBreakpointsRequest = "setBreakpoints", argumentsSetBreakpointsRequest = SetBreakpointsArguments {sourceSetBreakpointsArguments = Source {nameSource = Just "App.hs", pathSource = "/projects/src/github.com/gattytto/example-servant-minimal/src/App.hs", sourceReferenceSource = Nothing, origineSource = Nothing}, breakpointsSetBreakpointsArguments = [SourceBreakpoint {lineSourceBreakpoint = 31, columnSourceBreakpoint = Nothing, conditionSourceBreakpoint = Nothing, hitConditionSourceBreakpoint = Nothing, logMessageSourceBreakpoint = Nothing}]}}
2020-11-12 04:24:16 [ThreadId 7] DEBUG phoityne - del bps:[]
2020-11-12 04:24:16 [ThreadId 7] INFO phoityne - [EVENT]{"seq":23,"type":"event","event":"output","body":{"category":"stdout","output":":break App 31\n","data":null}}
2020-11-12 04:24:16 [ThreadId 7] INFO phoityne - [EVENT]{"seq":24,"type":"event","event":"output","body":{"category":"stdout","output":"Breakpoint 0 activated at /projects/src/github.com/gattytto/example-servant-minimal/src/App.hs:31:9-80\nH>>= ","data":null}}
2020-11-12 04:24:16 [ThreadId 7] DEBUG phoityne - add bps:[(BreakPointData {nameBreakPointData = "App", srcPosBreakPointData = SourcePosition {filePathSourcePosition = "/projects/src/github.com/gattytto/example-servant-minimal/src/App.hs", startLineNoSourcePosition = 31, startColNoSourcePosition = 9, endLineNoSourcePosition = 31, endColNoSourcePosition = 81}, breakNoBreakPointData = Just 0, conditionBreakPointData = Nothing, hitConditionBreakPointData = Nothing, hitCountBreakPointData = 0},Breakpoint {idBreakpoint = Just 0, verifiedBreakpoint = True, messageBreakpoint = "", sourceBreakpoint = Source {nameSource = Just "App", pathSource = "/projects/src/github.com/gattytto/example-servant-minimal/src/App.hs", sourceReferenceSource = Nothing, origineSource = Nothing}, lineBreakpoint = 31, columnBreakpoint = 9, endLineBreakpoint = 31, endColumnBreakpoint = 81})]
2020-11-12 04:24:16 [ThreadId 7] DEBUG phoityne - response bps:[Breakpoint {idBreakpoint = Just 0, verifiedBreakpoint = True, messageBreakpoint = "", sourceBreakpoint = Source {nameSource = Just "App", pathSource = "/projects/src/github.com/gattytto/example-servant-minimal/src/App.hs", sourceReferenceSource = Nothing, origineSource = Nothing}, lineBreakpoint = 31, columnBreakpoint = 9, endLineBreakpoint = 31, endColumnBreakpoint = 81}]
2020-11-12 04:24:16 [ThreadId 7] INFO phoityne - [RESPONSE]{"seq":25,"type":"response","request_seq":4,"success":true,"command":"setBreakpoints","message":"","body":{"breakpoints":[{"id":0,"verified":true,"message":"","source":{"name":"App","path":"/projects/src/github.com/gattytto/example-servant-minimal/src/App.hs","sourceReference":null,"origine":null},"line":31,"column":9,"endLine":31,"endColumn":81}]}}
2020-11-12 04:24:17 [ThreadId 7] INFO phoityne - [REQUEST] SetFunctionBreakpointsRequest {seqSetFunctionBreakpointsRequest = 5, typeSetFunctionBreakpointsRequest = "request", commandSetFunctionBreakpointsRequest = "setFunctionBreakpoints", argumentsSetFunctionBreakpointsRequest = SetFunctionBreakpointsArguments {breakpointsSetFunctionBreakpointsArguments = []}}
2020-11-12 04:24:17 [ThreadId 7] DEBUG phoityne - del bps:[]
2020-11-12 04:24:17 [ThreadId 7] DEBUG phoityne - add funBPs:[]
2020-11-12 04:24:17 [ThreadId 7] DEBUG phoityne - response funBPs:[]
2020-11-12 04:24:17 [ThreadId 7] INFO phoityne - [RESPONSE]{"seq":26,"type":"response","request_seq":5,"success":true,"command":"setFunctionBreakpoints","message":"","body":{"breakpoints":[]}}
2020-11-12 04:24:17 [ThreadId 7] INFO phoityne - [REQUEST] SetExceptionBreakpointsRequest {seqSetExceptionBreakpointsRequest = 6, typeSetExceptionBreakpointsRequest = "request", commandSetExceptionBreakpointsRequest = "setExceptionBreakpoints", argumentsSetExceptionBreakpointsRequest = SetExceptionBreakpointsRequestArguments {filtersSetExceptionBreakpointsRequestArguments = []}}
2020-11-12 04:24:17 [ThreadId 7] INFO phoityne - [EVENT]{"seq":27,"type":"event","event":"output","body":{"category":"stdout","output":":set -fno-break-on-exception\n","data":null}}
2020-11-12 04:24:17 [ThreadId 7] INFO phoityne - [EVENT]{"seq":28,"type":"event","event":"output","body":{"category":"stdout","output":"H>>= ","data":null}}
2020-11-12 04:24:17 [ThreadId 7] INFO phoityne - [EVENT]{"seq":29,"type":"event","event":"output","body":{"category":"stdout","output":":set -fno-break-on-error\n","data":null}}
2020-11-12 04:24:17 [ThreadId 7] INFO phoityne - [EVENT]{"seq":30,"type":"event","event":"output","body":{"category":"stdout","output":"H>>= ","data":null}}
2020-11-12 04:24:17 [ThreadId 7] INFO phoityne - [RESPONSE]{"seq":31,"type":"response","request_seq":6,"success":true,"command":"setExceptionBreakpoints","message":""}
2020-11-12 04:24:17 [ThreadId 7] INFO phoityne - [REQUEST] ConfigurationDoneRequest {seqConfigurationDoneRequest = 7, typeConfigurationDoneRequest = "request", commandConfigurationDoneRequest = "configurationDone"}
2020-11-12 04:24:17 [ThreadId 7] INFO phoityne - [EVENT]{"seq":32,"type":"event","event":"output","body":{"category":"console","output":"\n  Now, ghci launched and configuration done.\n  Press F5 to start debugging.\n  Or modify source code. it will be loaded to ghci automatically.\n ","data":null}}
2020-11-12 04:24:17 [ThreadId 7] INFO phoityne - [EVENT]{"seq":33,"type":"event","event":"output","body":{"category":"stdout","output":"H>>= ","data":null}}
2020-11-12 04:24:17 [ThreadId 7] INFO phoityne - [RESPONSE]{"seq":34,"type":"response","request_seq":7,"success":true,"command":"configurationDone","message":""}
2020-11-12 04:24:17 [ThreadId 7] INFO phoityne - [EVENT]{"seq":35,"type":"event","event":"output","body":{"category":"stdout","output":":trace main\n","data":null}}
2020-11-12 04:24:17 [ThreadId 7] INFO phoityne - [EVENT]{"seq":36,"type":"event","event":"output","body":{"category":"stdout","output":"Stopped in App.run.settings, /projects/src/github.com/gattytto/example-servant-minimal/src/App.hs:31:9-80\n_result :: Settings -> Settings = _\nport :: Port = 3000\n[/projects/src/github.com/gattytto/example-servant-minimal/src/App.hs:31:9-80] H>>= ","data":null}}
2020-11-12 04:24:17 [ThreadId 7] DEBUG phoityne - SourcePosition {filePathSourcePosition = "/projects/src/github.com/gattytto/example-servant-minimal/src/App.hs", startLineNoSourcePosition = 31, startColNoSourcePosition = 9, endLineNoSourcePosition = 31, endColNoSourcePosition = 81}
2020-11-12 04:24:17 [ThreadId 7] INFO phoityne - [EVENT]{"seq":37,"type":"event","event":"stopped","body":{"reason":"step","description":"","threadId":0,"text":"","allThreadsStopped":false}}
2020-11-12 04:24:18 [ThreadId 7] INFO phoityne - [REQUEST] ThreadsRequest {seqThreadsRequest = 8, typeThreadsRequest = "request", commandThreadsRequest = "threads"}
2020-11-12 04:24:18 [ThreadId 7] INFO phoityne - [RESPONSE]{"seq":38,"type":"response","request_seq":8,"success":true,"command":"threads","message":"","body":{"threads":[{"id":0,"name":"ghci main thread"}]}}
2020-11-12 04:24:18 [ThreadId 7] INFO phoityne - [REQUEST] StackTraceRequest {seqStackTraceRequest = 9, typeStackTraceRequest = "request", commandStackTraceRequest = "stackTrace", argumentsStackTraceRequest = StackTraceArguments {threadIdStackTraceArguments = 0, startFrameStackTraceArguments = Just 0, levelsStackTraceArguments = 20}}
2020-11-12 04:24:18 [ThreadId 7] DEBUG phoityne - :history 50

2020-11-12 04:24:18 [ThreadId 7] DEBUG phoityne - -1  : run:settings (/projects/src/github.com/gattytto/example-servant-minimal/src/App.hs:(31,9)-(32,23))
-2  : run:port (/projects/src/github.com/gattytto/example-servant-minimal/src/App.hs:28:14-17)
-3  : run:settings (/projects/src/github.com/gattytto/example-servant-minimal/src/App.hs:30:9-20)
-4  : run:settings (/projects/src/github.com/gattytto/example-servant-minimal/src/App.hs:(30,9)-(32,23))
-5  : run (/projects/src/github.com/gattytto/example-servant-minimal/src/App.hs:33:3-22)
-6  : mkApp (/projects/src/github.com/gattytto/example-servant-minimal/src/App.hs:36:9-37)
-7  : run (/projects/src/github.com/gattytto/example-servant-minimal/src/App.hs:33:3-32)
-8  : run (/projects/src/github.com/gattytto/example-servant-minimal/src/App.hs:(27,7)-(33,32))
-9  : main (/projects/src/github.com/gattytto/example-servant-minimal/exe/Main.hs:7:8-10)
<end of history>
[/projects/src/github.com/gattytto/example-servant-minimal/src/App.hs:31:9-80] H>>= 
2020-11-12 04:24:18 [ThreadId 7] DEBUG phoityne - [StackFrame {idStackFrame = 9, nameStackFrame = "main", sourceStackFrame = Source {nameSource = Just "Main", pathSource = "/projects/src/github.com/gattytto/example-servant-minimal/exe/Main.hs", sourceReferenceSource = Nothing, origineSource = Nothing}, lineStackFrame = 7, columnStackFrame = 8, endLineStackFrame = 7, endColumnStackFrame = 11},StackFrame {idStackFrame = 8, nameStackFrame = "run", sourceStackFrame = Source {nameSource = Just "App", pathSource = "/projects/src/github.com/gattytto/example-servant-minimal/src/App.hs", sourceReferenceSource = Nothing, origineSource = Nothing}, lineStackFrame = 27, columnStackFrame = 7, endLineStackFrame = 33, endColumnStackFrame = 33},StackFrame {idStackFrame = 7, nameStackFrame = "run", sourceStackFrame = Source {nameSource = Just "App", pathSource = "/projects/src/github.com/gattytto/example-servant-minimal/src/App.hs", sourceReferenceSource = Nothing, origineSource = Nothing}, lineStackFrame = 33, columnStackFrame = 3, endLineStackFrame = 33, endColumnStackFrame = 33},StackFrame {idStackFrame = 6, nameStackFrame = "mkApp", sourceStackFrame = Source {nameSource = Just "App", pathSource = "/projects/src/github.com/gattytto/example-servant-minimal/src/App.hs", sourceReferenceSource = Nothing, origineSource = Nothing}, lineStackFrame = 36, columnStackFrame = 9, endLineStackFrame = 36, endColumnStackFrame = 38},StackFrame {idStackFrame = 5, nameStackFrame = "run", sourceStackFrame = Source {nameSource = Just "App", pathSource = "/projects/src/github.com/gattytto/example-servant-minimal/src/App.hs", sourceReferenceSource = Nothing, origineSource = Nothing}, lineStackFrame = 33, columnStackFrame = 3, endLineStackFrame = 33, endColumnStackFrame = 23},StackFrame {idStackFrame = 4, nameStackFrame = "run:settings", sourceStackFrame = Source {nameSource = Just "App", pathSource = "/projects/src/github.com/gattytto/example-servant-minimal/src/App.hs", sourceReferenceSource = Nothing, origineSource = Nothing}, lineStackFrame = 30, columnStackFrame = 9, endLineStackFrame = 32, endColumnStackFrame = 24},StackFrame {idStackFrame = 3, nameStackFrame = "run:settings", sourceStackFrame = Source {nameSource = Just "App", pathSource = "/projects/src/github.com/gattytto/example-servant-minimal/src/App.hs", sourceReferenceSource = Nothing, origineSource = Nothing}, lineStackFrame = 30, columnStackFrame = 9, endLineStackFrame = 30, endColumnStackFrame = 21},StackFrame {idStackFrame = 2, nameStackFrame = "run:port", sourceStackFrame = Source {nameSource = Just "App", pathSource = "/projects/src/github.com/gattytto/example-servant-minimal/src/App.hs", sourceReferenceSource = Nothing, origineSource = Nothing}, lineStackFrame = 28, columnStackFrame = 14, endLineStackFrame = 28, endColumnStackFrame = 18},StackFrame {idStackFrame = 1, nameStackFrame = "run:settings", sourceStackFrame = Source {nameSource = Just "App", pathSource = "/projects/src/github.com/gattytto/example-servant-minimal/src/App.hs", sourceReferenceSource = Nothing, origineSource = Nothing}, lineStackFrame = 31, columnStackFrame = 9, endLineStackFrame = 32, endColumnStackFrame = 24},StackFrame {idStackFrame = 0, nameStackFrame = "[BP]", sourceStackFrame = Source {nameSource = Just "App", pathSource = "/projects/src/github.com/gattytto/example-servant-minimal/src/App.hs", sourceReferenceSource = Nothing, origineSource = Nothing}, lineStackFrame = 31, columnStackFrame = 9, endLineStackFrame = 31, endColumnStackFrame = 81}]
2020-11-12 04:24:18 [ThreadId 7] INFO phoityne - [RESPONSE]{"seq":39,"type":"response","request_seq":9,"success":true,"command":"stackTrace","message":"","body":{"stackFrames":[{"id":0,"name":"[BP]","source":{"name":"App","path":"/projects/src/github.com/gattytto/example-servant-minimal/src/App.hs","sourceReference":null,"origine":null},"line":31,"column":9,"endLine":31,"endColumn":81},{"id":1,"name":"run:settings","source":{"name":"App","path":"/projects/src/github.com/gattytto/example-servant-minimal/src/App.hs","sourceReference":null,"origine":null},"line":31,"column":9,"endLine":32,"endColumn":24},{"id":2,"name":"run:port","source":{"name":"App","path":"/projects/src/github.com/gattytto/example-servant-minimal/src/App.hs","sourceReference":null,"origine":null},"line":28,"column":14,"endLine":28,"endColumn":18},{"id":3,"name":"run:settings","source":{"name":"App","path":"/projects/src/github.com/gattytto/example-servant-minimal/src/App.hs","sourceReference":null,"origine":null},"line":30,"column":9,"endLine":30,"endColumn":21},{"id":4,"name":"run:settings","source":{"name":"App","path":"/projects/src/github.com/gattytto/example-servant-minimal/src/App.hs","sourceReference":null,"origine":null},"line":30,"column":9,"endLine":32,"endColumn":24},{"id":5,"name":"run","source":{"name":"App","path":"/projects/src/github.com/gattytto/example-servant-minimal/src/App.hs","sourceReference":null,"origine":null},"line":33,"column":3,"endLine":33,"endColumn":23},{"id":6,"name":"mkApp","source":{"name":"App","path":"/projects/src/github.com/gattytto/example-servant-minimal/src/App.hs","sourceReference":null,"origine":null},"line":36,"column":9,"endLine":36,"endColumn":38},{"id":7,"name":"run","source":{"name":"App","path":"/projects/src/github.com/gattytto/example-servant-minimal/src/App.hs","sourceReference":null,"origine":null},"line":33,"column":3,"endLine":33,"endColumn":33},{"id":8,"name":"run","source":{"name":"App","path":"/projects/src/github.com/gattytto/example-servant-minimal/src/App.hs","sourceReference":null,"origine":null},"line":27,"column":7,"endLine":33,"endColumn":33},{"id":9,"name":"main","source":{"name":"Main","path":"/projects/src/github.com/gattytto/example-servant-minimal/exe/Main.hs","sourceReference":null,"origine":null},"line":7,"column":8,"endLine":7,"endColumn":11}],"totalFrames":10}}
2020-11-12 04:24:18 [ThreadId 7] INFO phoityne - [REQUEST] ThreadsRequest {seqThreadsRequest = 10, typeThreadsRequest = "request", commandThreadsRequest = "threads"}
2020-11-12 04:24:18 [ThreadId 7] INFO phoityne - [RESPONSE]{"seq":40,"type":"response","request_seq":10,"success":true,"command":"threads","message":"","body":{"threads":[{"id":0,"name":"ghci main thread"}]}}
2020-11-12 04:24:18 [ThreadId 7] INFO phoityne - [REQUEST] StackTraceRequest {seqStackTraceRequest = 11, typeStackTraceRequest = "request", commandStackTraceRequest = "stackTrace", argumentsStackTraceRequest = StackTraceArguments {threadIdStackTraceArguments = 0, startFrameStackTraceArguments = Just 0, levelsStackTraceArguments = 20}}
2020-11-12 04:24:18 [ThreadId 7] DEBUG phoityne - :history 50

2020-11-12 04:24:18 [ThreadId 7] DEBUG phoityne - -1  : run:settings (/projects/src/github.com/gattytto/example-servant-minimal/src/App.hs:(31,9)-(32,23))
-2  : run:port (/projects/src/github.com/gattytto/example-servant-minimal/src/App.hs:28:14-17)
-3  : run:settings (/projects/src/github.com/gattytto/example-servant-minimal/src/App.hs:30:9-20)
-4  : run:settings (/projects/src/github.com/gattytto/example-servant-minimal/src/App.hs:(30,9)-(32,23))
-5  : run (/projects/src/github.com/gattytto/example-servant-minimal/src/App.hs:33:3-22)
-6  : mkApp (/projects/src/github.com/gattytto/example-servant-minimal/src/App.hs:36:9-37)
-7  : run (/projects/src/github.com/gattytto/example-servant-minimal/src/App.hs:33:3-32)
-8  : run (/projects/src/github.com/gattytto/example-servant-minimal/src/App.hs:(27,7)-(33,32))
-9  : main (/projects/src/github.com/gattytto/example-servant-minimal/exe/Main.hs:7:8-10)
<end of history>
[/projects/src/github.com/gattytto/example-servant-minimal/src/App.hs:31:9-80] H>>= 
2020-11-12 04:24:18 [ThreadId 7] DEBUG phoityne - [StackFrame {idStackFrame = 9, nameStackFrame = "main", sourceStackFrame = Source {nameSource = Just "Main", pathSource = "/projects/src/github.com/gattytto/example-servant-minimal/exe/Main.hs", sourceReferenceSource = Nothing, origineSource = Nothing}, lineStackFrame = 7, columnStackFrame = 8, endLineStackFrame = 7, endColumnStackFrame = 11},StackFrame {idStackFrame = 8, nameStackFrame = "run", sourceStackFrame = Source {nameSource = Just "App", pathSource = "/projects/src/github.com/gattytto/example-servant-minimal/src/App.hs", sourceReferenceSource = Nothing, origineSource = Nothing}, lineStackFrame = 27, columnStackFrame = 7, endLineStackFrame = 33, endColumnStackFrame = 33},StackFrame {idStackFrame = 7, nameStackFrame = "run", sourceStackFrame = Source {nameSource = Just "App", pathSource = "/projects/src/github.com/gattytto/example-servant-minimal/src/App.hs", sourceReferenceSource = Nothing, origineSource = Nothing}, lineStackFrame = 33, columnStackFrame = 3, endLineStackFrame = 33, endColumnStackFrame = 33},StackFrame {idStackFrame = 6, nameStackFrame = "mkApp", sourceStackFrame = Source {nameSource = Just "App", pathSource = "/projects/src/github.com/gattytto/example-servant-minimal/src/App.hs", sourceReferenceSource = Nothing, origineSource = Nothing}, lineStackFrame = 36, columnStackFrame = 9, endLineStackFrame = 36, endColumnStackFrame = 38},StackFrame {idStackFrame = 5, nameStackFrame = "run", sourceStackFrame = Source {nameSource = Just "App", pathSource = "/projects/src/github.com/gattytto/example-servant-minimal/src/App.hs", sourceReferenceSource = Nothing, origineSource = Nothing}, lineStackFrame = 33, columnStackFrame = 3, endLineStackFrame = 33, endColumnStackFrame = 23},StackFrame {idStackFrame = 4, nameStackFrame = "run:settings", sourceStackFrame = Source {nameSource = Just "App", pathSource = "/projects/src/github.com/gattytto/example-servant-minimal/src/App.hs", sourceReferenceSource = Nothing, origineSource = Nothing}, lineStackFrame = 30, columnStackFrame = 9, endLineStackFrame = 32, endColumnStackFrame = 24},StackFrame {idStackFrame = 3, nameStackFrame = "run:settings", sourceStackFrame = Source {nameSource = Just "App", pathSource = "/projects/src/github.com/gattytto/example-servant-minimal/src/App.hs", sourceReferenceSource = Nothing, origineSource = Nothing}, lineStackFrame = 30, columnStackFrame = 9, endLineStackFrame = 30, endColumnStackFrame = 21},StackFrame {idStackFrame = 2, nameStackFrame = "run:port", sourceStackFrame = Source {nameSource = Just "App", pathSource = "/projects/src/github.com/gattytto/example-servant-minimal/src/App.hs", sourceReferenceSource = Nothing, origineSource = Nothing}, lineStackFrame = 28, columnStackFrame = 14, endLineStackFrame = 28, endColumnStackFrame = 18},StackFrame {idStackFrame = 1, nameStackFrame = "run:settings", sourceStackFrame = Source {nameSource = Just "App", pathSource = "/projects/src/github.com/gattytto/example-servant-minimal/src/App.hs", sourceReferenceSource = Nothing, origineSource = Nothing}, lineStackFrame = 31, columnStackFrame = 9, endLineStackFrame = 32, endColumnStackFrame = 24},StackFrame {idStackFrame = 0, nameStackFrame = "[BP]", sourceStackFrame = Source {nameSource = Just "App", pathSource = "/projects/src/github.com/gattytto/example-servant-minimal/src/App.hs", sourceReferenceSource = Nothing, origineSource = Nothing}, lineStackFrame = 31, columnStackFrame = 9, endLineStackFrame = 31, endColumnStackFrame = 81}]
2020-11-12 04:24:18 [ThreadId 7] INFO phoityne - [RESPONSE]{"seq":41,"type":"response","request_seq":11,"success":true,"command":"stackTrace","message":"","body":{"stackFrames":[{"id":0,"name":"[BP]","source":{"name":"App","path":"/projects/src/github.com/gattytto/example-servant-minimal/src/App.hs","sourceReference":null,"origine":null},"line":31,"column":9,"endLine":31,"endColumn":81},{"id":1,"name":"run:settings","source":{"name":"App","path":"/projects/src/github.com/gattytto/example-servant-minimal/src/App.hs","sourceReference":null,"origine":null},"line":31,"column":9,"endLine":32,"endColumn":24},{"id":2,"name":"run:port","source":{"name":"App","path":"/projects/src/github.com/gattytto/example-servant-minimal/src/App.hs","sourceReference":null,"origine":null},"line":28,"column":14,"endLine":28,"endColumn":18},{"id":3,"name":"run:settings","source":{"name":"App","path":"/projects/src/github.com/gattytto/example-servant-minimal/src/App.hs","sourceReference":null,"origine":null},"line":30,"column":9,"endLine":30,"endColumn":21},{"id":4,"name":"run:settings","source":{"name":"App","path":"/projects/src/github.com/gattytto/example-servant-minimal/src/App.hs","sourceReference":null,"origine":null},"line":30,"column":9,"endLine":32,"endColumn":24},{"id":5,"name":"run","source":{"name":"App","path":"/projects/src/github.com/gattytto/example-servant-minimal/src/App.hs","sourceReference":null,"origine":null},"line":33,"column":3,"endLine":33,"endColumn":23},{"id":6,"name":"mkApp","source":{"name":"App","path":"/projects/src/github.com/gattytto/example-servant-minimal/src/App.hs","sourceReference":null,"origine":null},"line":36,"column":9,"endLine":36,"endColumn":38},{"id":7,"name":"run","source":{"name":"App","path":"/projects/src/github.com/gattytto/example-servant-minimal/src/App.hs","sourceReference":null,"origine":null},"line":33,"column":3,"endLine":33,"endColumn":33},{"id":8,"name":"run","source":{"name":"App","path":"/projects/src/github.com/gattytto/example-servant-minimal/src/App.hs","sourceReference":null,"origine":null},"line":27,"column":7,"endLine":33,"endColumn":33},{"id":9,"name":"main","source":{"name":"Main","path":"/projects/src/github.com/gattytto/example-servant-minimal/exe/Main.hs","sourceReference":null,"origine":null},"line":7,"column":8,"endLine":7,"endColumn":11}],"totalFrames":10}}
2020-11-12 04:24:19 [ThreadId 7] INFO phoityne - [REQUEST] ScopesRequest {seqScopesRequest = 12, typeScopesRequest = "request", commandScopesRequest = "scopes", argumentsScopesRequest = ScopesArguments {frameIdScopesArguments = 0}}
2020-11-12 04:24:19 [ThreadId 7] INFO phoityne - [RESPONSE]{"seq":42,"type":"response","request_seq":12,"success":true,"command":"scopes","message":"","body":{"scopes":[{"name":"GHCi scope","variablesReference":1,"namedVariables":null,"indexedVariables":null,"expensive":false}]}}
2020-11-12 04:24:36 [ThreadId 7] INFO phoityne - [REQUEST] EvaluateRequest {seqEvaluateRequest = 13, typeEvaluateRequest = "request", commandEvaluateRequest = "evaluate", argumentsEvaluateRequest = EvaluateArguments {expressionEvaluateArguments = "settings", frameIdEvaluateArguments = Just 0, contextEvaluateArguments = Just "hover"}}
2020-11-12 04:24:36 [ThreadId 7] DEBUG phoityne - :type settings

2020-11-12 04:24:36 [ThreadId 7] DEBUG phoityne - 
<interactive>:1:1: error: Variable not in scope: settings
[/projects/src/github.com/gattytto/example-servant-minimal/src/App.hs:31:9-80] H>>= 
2020-11-12 04:24:36 [ThreadId 7] ERROR phoityne - "error: Variable not in scope: settings"
2020-11-12 04:24:36 [ThreadId 7] INFO phoityne - [RESPONSE]{"seq":43,"type":"response","request_seq":13,"success":true,"command":"evaluate","message":"","body":{"result":"error: Variable not in scope: settings","type":"","presentationHint":null,"variablesReference":0,"namedVariables":null,"indexedVariables":null}}
2020-11-12 04:24:40 [ThreadId 7] INFO phoityne - [REQUEST] VariablesRequest {seqVariablesRequest = 14, typeVariablesRequest = "request", commandVariablesRequest = "variables", argumentsVariablesRequest = VariablesArguments {variablesReferenceVariablesArguments = 1}}
2020-11-12 04:24:40 [ThreadId 7] DEBUG phoityne - :show bindings

2020-11-12 04:24:40 [ThreadId 7] DEBUG phoityne - port :: Port = 3000
_result :: Settings -> Settings = _
[/projects/src/github.com/gattytto/example-servant-minimal/src/App.hs:31:9-80] H>>= 
2020-11-12 04:24:40 [ThreadId 7] INFO phoityne - [RESPONSE]{"seq":44,"type":"response","request_seq":14,"success":true,"command":"variables","message":"","body":{"variables":[{"name":"port","value":"3000","type":"Port","presentationHint":null,"evaluateName":"port","variablesReference":0,"namedVariables":null,"indexedVariables":null},{"name":"_result","value":"_","type":"Settings -> Settings","presentationHint":null,"evaluateName":"_result","variablesReference":0,"namedVariables":null,"indexedVariables":null}]}}
2020-11-12 04:25:04 [ThreadId 7] INFO phoityne - [REQUEST] EvaluateRequest {seqEvaluateRequest = 15, typeEvaluateRequest = "request", commandEvaluateRequest = "evaluate", argumentsEvaluateRequest = EvaluateArguments {expressionEvaluateArguments = "port", frameIdEvaluateArguments = Just 0, contextEvaluateArguments = Just "hover"}}
2020-11-12 04:25:04 [ThreadId 7] DEBUG phoityne - :type port

2020-11-12 04:25:04 [ThreadId 7] DEBUG phoityne - port :: Port
[/projects/src/github.com/gattytto/example-servant-minimal/src/App.hs:31:9-80] H>>= 
2020-11-12 04:25:04 [ThreadId 7] INFO phoityne - [RESPONSE]{"seq":45,"type":"response","request_seq":15,"success":true,"command":"evaluate","message":"","body":{"result":"port :: Port","type":"Port","presentationHint":null,"variablesReference":0,"namedVariables":null,"indexedVariables":null}}
2020-11-12 04:25:05 [ThreadId 7] INFO phoityne - [REQUEST] EvaluateRequest {seqEvaluateRequest = 16, typeEvaluateRequest = "request", commandEvaluateRequest = "evaluate", argumentsEvaluateRequest = EvaluateArguments {expressionEvaluateArguments = "settings", frameIdEvaluateArguments = Just 0, contextEvaluateArguments = Just "hover"}}
2020-11-12 04:25:05 [ThreadId 7] DEBUG phoityne - :type settings

2020-11-12 04:25:05 [ThreadId 7] DEBUG phoityne - 
<interactive>:1:1: error: Variable not in scope: settings
[/projects/src/github.com/gattytto/example-servant-minimal/src/App.hs:31:9-80] H>>= 
2020-11-12 04:25:05 [ThreadId 7] ERROR phoityne - "error: Variable not in scope: settings"
2020-11-12 04:25:05 [ThreadId 7] INFO phoityne - [RESPONSE]{"seq":46,"type":"response","request_seq":16,"success":true,"command":"evaluate","message":"","body":{"result":"error: Variable not in scope: settings","type":"","presentationHint":null,"variablesReference":0,"namedVariables":null,"indexedVariables":null}}
2020-11-12 04:42:29 [ThreadId 7] INFO phoityne - [REQUEST] CompletionsRequest {seqCompletionsRequest = 17, typeCompletionsRequest = "request", commandCompletionsRequest = "completions", argumentsCompletionsRequest = CompletionsArguments {frameIdCompletionsArguments = Just 0, textCompletionsArguments = ":d", columnCompletionsArguments = 3, lineCompletionsArguments = Just 1}}
2020-11-12 04:42:29 [ThreadId 7] DEBUG phoityne - :complete repl 0-50 ":d"

2020-11-12 04:42:29 [ThreadId 7] DEBUG phoityne - 18 18 ""
":dap-context-modules"
":dap-continue"
":dap-delete-breakpoint"
":dap-evaluate"
":dap-launch"
":dap-next"
":dap-scopes"
":dap-set-breakpoints"
":dap-set-function-breakpoint"
":dap-set-function-breakpoints"
":dap-stacktrace"
":dap-step-in"
":dap-variables"
":def"
":def!"
":delete"
":disable"
":doc"
[/projects/src/github.com/gattytto/example-servant-minimal/src/App.hs:31:9-80] H>>= 
2020-11-12 04:42:29 [ThreadId 7] INFO phoityne - [RESPONSE]{"seq":47,"type":"response","request_seq":17,"success":true,"command":"completions","message":"","body":{"targets":[{"label":"dap-context-modules"},{"label":"dap-continue"},{"label":"dap-delete-breakpoint"},{"label":"dap-evaluate"},{"label":"dap-launch"},{"label":"dap-next"},{"label":"dap-scopes"},{"label":"dap-set-breakpoints"},{"label":"dap-set-function-breakpoint"},{"label":"dap-set-function-breakpoints"},{"label":"dap-stacktrace"},{"label":"dap-step-in"},{"label":"dap-variables"},{"label":"def"},{"label":"def!"},{"label":"delete"},{"label":"disable"},{"label":"doc"}]}}
2020-11-12 04:42:37 [ThreadId 7] INFO phoityne - [REQUEST] CompletionsRequest {seqCompletionsRequest = 18, typeCompletionsRequest = "request", commandCompletionsRequest = "completions", argumentsCompletionsRequest = CompletionsArguments {frameIdCompletionsArguments = Just 0, textCompletionsArguments = ":dap.", columnCompletionsArguments = 6, lineCompletionsArguments = Just 1}}
2020-11-12 04:42:37 [ThreadId 7] DEBUG phoityne - :complete repl 0-50 ":dap."

2020-11-12 04:42:37 [ThreadId 7] DEBUG phoityne - 0 0 ""
[/projects/src/github.com/gattytto/example-servant-minimal/src/App.hs:31:9-80] H>>= 
2020-11-12 04:42:37 [ThreadId 7] INFO phoityne - [RESPONSE]{"seq":48,"type":"response","request_seq":18,"success":true,"command":"completions","message":"","body":{"targets":[]}}
2020-11-12 04:42:39 [ThreadId 7] INFO phoityne - [REQUEST] CompletionsRequest {seqCompletionsRequest = 19, typeCompletionsRequest = "request", commandCompletionsRequest = "completions", argumentsCompletionsRequest = CompletionsArguments {frameIdCompletionsArguments = Just 0, textCompletionsArguments = ":dap-", columnCompletionsArguments = 6, lineCompletionsArguments = Just 1}}
2020-11-12 04:42:39 [ThreadId 7] DEBUG phoityne - :complete repl 0-50 ":dap-"

2020-11-12 04:42:39 [ThreadId 7] DEBUG phoityne - 13 13 ""
":dap-context-modules"
":dap-continue"
":dap-delete-breakpoint"
":dap-evaluate"
":dap-launch"
":dap-next"
":dap-scopes"
":dap-set-breakpoints"
":dap-set-function-breakpoint"
":dap-set-function-breakpoints"
":dap-stacktrace"
":dap-step-in"
":dap-variables"
[/projects/src/github.com/gattytto/example-servant-minimal/src/App.hs:31:9-80] H>>= 
2020-11-12 04:42:39 [ThreadId 7] INFO phoityne - [RESPONSE]{"seq":49,"type":"response","request_seq":19,"success":true,"command":"completions","message":"","body":{"targets":[{"label":"dap-context-modules"},{"label":"dap-continue"},{"label":"dap-delete-breakpoint"},{"label":"dap-evaluate"},{"label":"dap-launch"},{"label":"dap-next"},{"label":"dap-scopes"},{"label":"dap-set-breakpoints"},{"label":"dap-set-function-breakpoint"},{"label":"dap-set-function-breakpoints"},{"label":"dap-stacktrace"},{"label":"dap-step-in"},{"label":"dap-variables"}]}}
2020-11-12 04:42:52 [ThreadId 7] INFO phoityne - [REQUEST] CompletionsRequest {seqCompletionsRequest = 20, typeCompletionsRequest = "request", commandCompletionsRequest = "completions", argumentsCompletionsRequest = CompletionsArguments {frameIdCompletionsArguments = Just 0, textCompletionsArguments = ":q", columnCompletionsArguments = 3, lineCompletionsArguments = Just 1}}
2020-11-12 04:42:52 [ThreadId 7] DEBUG phoityne - :complete repl 0-50 ":q"

2020-11-12 04:42:52 [ThreadId 7] DEBUG phoityne - 1 1 ""
":quit"
[/projects/src/github.com/gattytto/example-servant-minimal/src/App.hs:31:9-80] H>>= 
2020-11-12 04:42:52 [ThreadId 7] INFO phoityne - [RESPONSE]{"seq":50,"type":"response","request_seq":20,"success":true,"command":"completions","message":"","body":{"targets":[{"label":"quit"}]}}
2020-11-12 04:42:58 [ThreadId 7] INFO phoityne - [REQUEST] EvaluateRequest {seqEvaluateRequest = 21, typeEvaluateRequest = "request", commandEvaluateRequest = "evaluate", argumentsEvaluateRequest = EvaluateArguments {expressionEvaluateArguments = ":quit\n", frameIdEvaluateArguments = Just 0, contextEvaluateArguments = Just "repl"}}
2020-11-12 04:42:58 [ThreadId 7] DEBUG phoityne - :quit

2020-11-12 04:42:58 [ThreadId 7] DEBUG phoityne - Leaving GHCi.

2020-11-12 04:42:58 [ThreadId 7] INFO phoityne - [RESPONSE]{"seq":51,"type":"response","request_seq":21,"success":true,"command":"evaluate","message":"","body":{"result":"","type":"","presentationHint":null,"variablesReference":0,"namedVariables":null,"indexedVariables":null}}
2020-11-12 04:42:58 [ThreadId 7] INFO phoityne - [EVENT]{"seq":52,"type":"event","event":"output","body":{"category":"stdout","output":"H>>= :quit\nLeaving GHCi.\n","data":null}}
2020-11-12 04:43:01 [ThreadId 7] INFO phoityne - [REQUEST] EvaluateRequest {seqEvaluateRequest = 22, typeEvaluateRequest = "request", commandEvaluateRequest = "evaluate", argumentsEvaluateRequest = EvaluateArguments {expressionEvaluateArguments = "", frameIdEvaluateArguments = Just 0, contextEvaluateArguments = Just "repl"}}
2020-11-12 04:43:01 [ThreadId 7] INFO phoityne - [RESPONSE]{"seq":53,"type":"response","request_seq":22,"success":true,"command":"evaluate","message":"","body":{"result":"","type":"","presentationHint":null,"variablesReference":0,"namedVariables":null,"indexedVariables":null}}
2020-11-12 04:43:01 [ThreadId 7] INFO phoityne - [EVENT]{"seq":54,"type":"event","event":"output","body":{"category":"stdout","output":"H>>= ","data":null}}
2020-11-12 04:43:02 [ThreadId 7] INFO phoityne - [REQUEST] EvaluateRequest {seqEvaluateRequest = 23, typeEvaluateRequest = "request", commandEvaluateRequest = "evaluate", argumentsEvaluateRequest = EvaluateArguments {expressionEvaluateArguments = "", frameIdEvaluateArguments = Just 0, contextEvaluateArguments = Just "repl"}}
2020-11-12 04:43:02 [ThreadId 7] INFO phoityne - [RESPONSE]{"seq":55,"type":"response","request_seq":23,"success":true,"command":"evaluate","message":"","body":{"result":"","type":"","presentationHint":null,"variablesReference":0,"namedVariables":null,"indexedVariables":null}}
2020-11-12 04:43:02 [ThreadId 7] INFO phoityne - [EVENT]{"seq":56,"type":"event","event":"output","body":{"category":"stdout","output":"H>>= ","data":null}}
2020-11-12 04:43:04 [ThreadId 7] INFO phoityne - [REQUEST] CompletionsRequest {seqCompletionsRequest = 24, typeCompletionsRequest = "request", commandCompletionsRequest = "completions", argumentsCompletionsRequest = CompletionsArguments {frameIdCompletionsArguments = Just 0, textCompletionsArguments = ":q", columnCompletionsArguments = 3, lineCompletionsArguments = Just 1}}
2020-11-12 04:43:04 [ThreadId 7] DEBUG phoityne - :complete repl 0-50 ":q"

2020-11-12 04:43:04 [ThreadId 7] ERROR phoityne - "<file descriptor: 25>: hPutChar: resource vanished (Broken pipe)"
2020-11-12 04:43:04 [ThreadId 7] INFO phoityne - [RESPONSE]{"seq":57,"type":"response","request_seq":24,"success":false,"command":"completions","message":"\"<file descriptor: 25>: hPutChar: resource vanished (Broken pipe)\"","body":{"targets":[]}}
2020-11-12 04:43:05 [ThreadId 7] INFO phoityne - [REQUEST] EvaluateRequest {seqEvaluateRequest = 25, typeEvaluateRequest = "request", commandEvaluateRequest = "evaluate", argumentsEvaluateRequest = EvaluateArguments {expressionEvaluateArguments = ":quit", frameIdEvaluateArguments = Just 0, contextEvaluateArguments = Just "repl"}}
2020-11-12 04:43:05 [ThreadId 7] DEBUG phoityne - :quit

2020-11-12 04:43:05 [ThreadId 7] ERROR phoityne - "<file descriptor: 25>: hPutChar: resource vanished (Broken pipe)"
2020-11-12 04:43:05 [ThreadId 7] INFO phoityne - [RESPONSE]{"seq":58,"type":"response","request_seq":25,"success":true,"command":"evaluate","message":"","body":{"result":"","type":"","presentationHint":null,"variablesReference":0,"namedVariables":null,"indexedVariables":null}}
2020-11-12 04:43:05 [ThreadId 7] ERROR phoityne - H>>= :quit
"<file descriptor: 25>: hPutChar: resource vanished (Broken pipe)"
2020-11-12 04:43:05 [ThreadId 7] INFO phoityne - [EVENT]{"seq":59,"type":"event","event":"output","body":{"category":"stderr","output":"H>>= :quit\n\"<file descriptor: 25>: hPutChar: resource vanished (Broken pipe)\"","data":null}}
2020-11-12 04:43:05 [ThreadId 7] INFO phoityne - [EVENT]{"seq":60,"type":"event","event":"output","body":{"category":"stdout","output":"H>>= ","data":null}}
2020-11-12 04:43:10 [ThreadId 7] INFO phoityne - [REQUEST] CompletionsRequest {seqCompletionsRequest = 26, typeCompletionsRequest = "request", commandCompletionsRequest = "completions", argumentsCompletionsRequest = CompletionsArguments {frameIdCompletionsArguments = Just 0, textCompletionsArguments = ":q", columnCompletionsArguments = 3, lineCompletionsArguments = Just 1}}
2020-11-12 04:43:10 [ThreadId 7] DEBUG phoityne - :complete repl 0-50 ":q"

2020-11-12 04:43:10 [ThreadId 7] ERROR phoityne - "<file descriptor: 25>: hPutChar: resource vanished (Broken pipe)"
2020-11-12 04:43:10 [ThreadId 7] INFO phoityne - [RESPONSE]{"seq":61,"type":"response","request_seq":26,"success":false,"command":"completions","message":"\"<file descriptor: 25>: hPutChar: resource vanished (Broken pipe)\"","body":{"targets":[]}}
2020-11-12 04:43:10 [ThreadId 7] INFO phoityne - [REQUEST] EvaluateRequest {seqEvaluateRequest = 27, typeEvaluateRequest = "request", commandEvaluateRequest = "evaluate", argumentsEvaluateRequest = EvaluateArguments {expressionEvaluateArguments = ":q", frameIdEvaluateArguments = Just 0, contextEvaluateArguments = Just "repl"}}
2020-11-12 04:43:10 [ThreadId 7] DEBUG phoityne - :q

2020-11-12 04:43:10 [ThreadId 7] ERROR phoityne - "<file descriptor: 25>: hPutChar: resource vanished (Broken pipe)"
2020-11-12 04:43:10 [ThreadId 7] INFO phoityne - [RESPONSE]{"seq":62,"type":"response","request_seq":27,"success":true,"command":"evaluate","message":"","body":{"result":"","type":"","presentationHint":null,"variablesReference":0,"namedVariables":null,"indexedVariables":null}}
2020-11-12 04:43:10 [ThreadId 7] ERROR phoityne - H>>= :q
"<file descriptor: 25>: hPutChar: resource vanished (Broken pipe)"
2020-11-12 04:43:10 [ThreadId 7] INFO phoityne - [EVENT]{"seq":63,"type":"event","event":"output","body":{"category":"stderr","output":"H>>= :q\n\"<file descriptor: 25>: hPutChar: resource vanished (Broken pipe)\"","data":null}}
2020-11-12 04:43:10 [ThreadId 7] INFO phoityne - [EVENT]{"seq":64,"type":"event","event":"output","body":{"category":"stdout","output":"H>>= ","data":null}}
2020-11-12 04:43:11 [ThreadId 7] INFO phoityne - [REQUEST] CompletionsRequest {seqCompletionsRequest = 28, typeCompletionsRequest = "request", commandCompletionsRequest = "completions", argumentsCompletionsRequest = CompletionsArguments {frameIdCompletionsArguments = Just 0, textCompletionsArguments = ":q", columnCompletionsArguments = 3, lineCompletionsArguments = Just 1}}
2020-11-12 04:43:11 [ThreadId 7] DEBUG phoityne - :complete repl 0-50 ":q"

2020-11-12 04:43:11 [ThreadId 7] ERROR phoityne - "<file descriptor: 25>: hPutChar: resource vanished (Broken pipe)"
2020-11-12 04:43:11 [ThreadId 7] INFO phoityne - [RESPONSE]{"seq":65,"type":"response","request_seq":28,"success":false,"command":"completions","message":"\"<file descriptor: 25>: hPutChar: resource vanished (Broken pipe)\"","body":{"targets":[]}}
2020-11-12 04:43:11 [ThreadId 7] INFO phoityne - [REQUEST] EvaluateRequest {seqEvaluateRequest = 29, typeEvaluateRequest = "request", commandEvaluateRequest = "evaluate", argumentsEvaluateRequest = EvaluateArguments {expressionEvaluateArguments = ":quit", frameIdEvaluateArguments = Just 0, contextEvaluateArguments = Just "repl"}}
2020-11-12 04:43:11 [ThreadId 7] DEBUG phoityne - :quit

2020-11-12 04:43:11 [ThreadId 7] ERROR phoityne - "<file descriptor: 25>: hPutChar: resource vanished (Broken pipe)"
2020-11-12 04:43:11 [ThreadId 7] INFO phoityne - [RESPONSE]{"seq":66,"type":"response","request_seq":29,"success":true,"command":"evaluate","message":"","body":{"result":"","type":"","presentationHint":null,"variablesReference":0,"namedVariables":null,"indexedVariables":null}}
2020-11-12 04:43:11 [ThreadId 7] ERROR phoityne - H>>= :quit
"<file descriptor: 25>: hPutChar: resource vanished (Broken pipe)"
2020-11-12 04:43:11 [ThreadId 7] INFO phoityne - [EVENT]{"seq":67,"type":"event","event":"output","body":{"category":"stderr","output":"H>>= :quit\n\"<file descriptor: 25>: hPutChar: resource vanished (Broken pipe)\"","data":null}}
2020-11-12 04:43:11 [ThreadId 7] INFO phoityne - [EVENT]{"seq":68,"type":"event","event":"output","body":{"category":"stdout","output":"H>>= ","data":null}}
